INFO	?	main	2016-10-09T18:30:38.470Z	org.javacs.Main#connectToNode	Connected to parent using socket on port 55282
INFO	?	main	2016-10-09T18:30:39.064Z	org.javacs.JavaLanguageServer#doLint	Lint d:\jvmwork\Card.java
SEVERE	?	main	2016-10-09T18:30:39.079Z	org.javacs.Main$4#onError	Can't find configuration file for d:\jvmwork\Card.java
org.javacs.ShowMessageException: Can't find configuration file for d:\jvmwork\Card.java
	at org.javacs.ShowMessageException.create(ShowMessageException.java:30)
	at org.javacs.ShowMessageException.warning(ShowMessageException.java:21)
	at org.javacs.JavaLanguageServer$1.didOpen(JavaLanguageServer.java:194)
	at io.typefox.lsapi.services.transport.server.LanguageServerEndpoint._doAccept(LanguageServerEndpoint.xtend:198)
	at io.typefox.lsapi.services.transport.server.LanguageServerEndpoint.doAccept(LanguageServerEndpoint.xtend:194)
	at io.typefox.lsapi.services.transport.server.LanguageServerEndpoint.accept(LanguageServerEndpoint.xtend:114)
	at io.typefox.lsapi.services.transport.server.LanguageServerEndpoint.accept(LanguageServerEndpoint.xtend)
	at io.typefox.lsapi.services.transport.AbstractLanguageEndpoint.handleMessage(LanguageEndpoint.xtend:67)
	at io.typefox.lsapi.services.transport.AbstractLanguageEndpoint.lambda$connect$4(LanguageEndpoint.xtend:61)
	at io.typefox.lsapi.services.json.StreamMessageReader$1.apply(StreamMessageReader.java:46)
	at io.typefox.lsapi.services.json.StreamMessageReader$1.apply(StreamMessageReader.java:44)
	at io.typefox.lsapi.services.json.StreamMessageReader.handleMessage(StreamMessageReader.xtend:128)
	at io.typefox.lsapi.services.json.StreamMessageReader.listen(StreamMessageReader.xtend:61)
	at io.typefox.lsapi.services.transport.AbstractLanguageEndpoint.connect(LanguageEndpoint.xtend:60)
	at org.javacs.Main.run(Main.java:150)
	at org.javacs.Main.main(Main.java:69)
Caused by: org.javacs.NoJavaConfigException: Can't find configuration file for d:\jvmwork\Card.java
	at org.javacs.JavaLanguageServer.lambda$findCompiler$22(JavaLanguageServer.java:453)
	at java.util.Optional.orElseThrow(Unknown Source)
	at org.javacs.JavaLanguageServer.findCompiler(JavaLanguageServer.java:453)
	at org.javacs.JavaLanguageServer.doLint(JavaLanguageServer.java:301)
	at org.javacs.JavaLanguageServer.access$400(JavaLanguageServer.java:29)
	at org.javacs.JavaLanguageServer$1.didOpen(JavaLanguageServer.java:191)
	... 13 more

INFO	?	main	2016-10-09T18:30:46.708Z	org.javacs.JavaLanguageServer#doLint	Lint d:\jvmwork\AutoPolicyTest.java
SEVERE	?	main	2016-10-09T18:30:46.709Z	org.javacs.Main$4#onError	Can't find configuration file for d:\jvmwork\AutoPolicyTest.java
org.javacs.ShowMessageException: Can't find configuration file for d:\jvmwork\AutoPolicyTest.java
	at org.javacs.ShowMessageException.create(ShowMessageException.java:30)
	at org.javacs.ShowMessageException.warning(ShowMessageException.java:21)
	at org.javacs.JavaLanguageServer$1.didOpen(JavaLanguageServer.java:194)
	at io.typefox.lsapi.services.transport.server.LanguageServerEndpoint._doAccept(LanguageServerEndpoint.xtend:198)
	at io.typefox.lsapi.services.transport.server.LanguageServerEndpoint.doAccept(LanguageServerEndpoint.xtend:194)
	at io.typefox.lsapi.services.transport.server.LanguageServerEndpoint.accept(LanguageServerEndpoint.xtend:114)
	at io.typefox.lsapi.services.transport.server.LanguageServerEndpoint.accept(LanguageServerEndpoint.xtend)
	at io.typefox.lsapi.services.transport.AbstractLanguageEndpoint.handleMessage(LanguageEndpoint.xtend:67)
	at io.typefox.lsapi.services.transport.AbstractLanguageEndpoint.lambda$connect$4(LanguageEndpoint.xtend:61)
	at io.typefox.lsapi.services.json.StreamMessageReader$1.apply(StreamMessageReader.java:46)
	at io.typefox.lsapi.services.json.StreamMessageReader$1.apply(StreamMessageReader.java:44)
	at io.typefox.lsapi.services.json.StreamMessageReader.handleMessage(StreamMessageReader.xtend:128)
	at io.typefox.lsapi.services.json.StreamMessageReader.listen(StreamMessageReader.xtend:61)
	at io.typefox.lsapi.services.transport.AbstractLanguageEndpoint.connect(LanguageEndpoint.xtend:60)
	at org.javacs.Main.run(Main.java:150)
	at org.javacs.Main.main(Main.java:69)
Caused by: org.javacs.NoJavaConfigException: Can't find configuration file for d:\jvmwork\AutoPolicyTest.java
	at org.javacs.JavaLanguageServer.lambda$findCompiler$22(JavaLanguageServer.java:453)
	at java.util.Optional.orElseThrow(Unknown Source)
	at org.javacs.JavaLanguageServer.findCompiler(JavaLanguageServer.java:453)
	at org.javacs.JavaLanguageServer.doLint(JavaLanguageServer.java:301)
	at org.javacs.JavaLanguageServer.access$400(JavaLanguageServer.java:29)
	at org.javacs.JavaLanguageServer$1.didOpen(JavaLanguageServer.java:191)
	... 13 more

INFO	?	main	2016-10-09T18:30:49.692Z	org.javacs.JavaLanguageServer#doLint	Lint d:\jvmwork\Barchart.java
SEVERE	?	main	2016-10-09T18:30:49.693Z	org.javacs.Main$4#onError	Can't find configuration file for d:\jvmwork\Barchart.java
org.javacs.ShowMessageException: Can't find configuration file for d:\jvmwork\Barchart.java
	at org.javacs.ShowMessageException.create(ShowMessageException.java:30)
	at org.javacs.ShowMessageException.warning(ShowMessageException.java:21)
	at org.javacs.JavaLanguageServer$1.didOpen(JavaLanguageServer.java:194)
	at io.typefox.lsapi.services.transport.server.LanguageServerEndpoint._doAccept(LanguageServerEndpoint.xtend:198)
	at io.typefox.lsapi.services.transport.server.LanguageServerEndpoint.doAccept(LanguageServerEndpoint.xtend:194)
	at io.typefox.lsapi.services.transport.server.LanguageServerEndpoint.accept(LanguageServerEndpoint.xtend:114)
	at io.typefox.lsapi.services.transport.server.LanguageServerEndpoint.accept(LanguageServerEndpoint.xtend)
	at io.typefox.lsapi.services.transport.AbstractLanguageEndpoint.handleMessage(LanguageEndpoint.xtend:67)
	at io.typefox.lsapi.services.transport.AbstractLanguageEndpoint.lambda$connect$4(LanguageEndpoint.xtend:61)
	at io.typefox.lsapi.services.json.StreamMessageReader$1.apply(StreamMessageReader.java:46)
	at io.typefox.lsapi.services.json.StreamMessageReader$1.apply(StreamMessageReader.java:44)
	at io.typefox.lsapi.services.json.StreamMessageReader.handleMessage(StreamMessageReader.xtend:128)
	at io.typefox.lsapi.services.json.StreamMessageReader.listen(StreamMessageReader.xtend:61)
	at io.typefox.lsapi.services.transport.AbstractLanguageEndpoint.connect(LanguageEndpoint.xtend:60)
	at org.javacs.Main.run(Main.java:150)
	at org.javacs.Main.main(Main.java:69)
Caused by: org.javacs.NoJavaConfigException: Can't find configuration file for d:\jvmwork\Barchart.java
	at org.javacs.JavaLanguageServer.lambda$findCompiler$22(JavaLanguageServer.java:453)
	at java.util.Optional.orElseThrow(Unknown Source)
	at org.javacs.JavaLanguageServer.findCompiler(JavaLanguageServer.java:453)
	at org.javacs.JavaLanguageServer.doLint(JavaLanguageServer.java:301)
	at org.javacs.JavaLanguageServer.access$400(JavaLanguageServer.java:29)
	at org.javacs.JavaLanguageServer$1.didOpen(JavaLanguageServer.java:191)
	... 13 more

SEVERE	?	main	2016-10-09T18:30:53.406Z	org.javacs.Main$4#onError	Can't find configuration file for d:\jvmwork\AutoPolicyTest.java
org.javacs.NoJavaConfigException: Can't find configuration file for d:\jvmwork\AutoPolicyTest.java
	at org.javacs.JavaLanguageServer.lambda$findCompiler$22(JavaLanguageServer.java:453)
	at java.util.Optional.orElseThrow(Unknown Source)
	at org.javacs.JavaLanguageServer.findCompiler(JavaLanguageServer.java:453)
	at org.javacs.JavaLanguageServer$1.didClose(JavaLanguageServer.java:225)
	at io.typefox.lsapi.services.transport.server.LanguageServerEndpoint._doAccept(LanguageServerEndpoint.xtend:202)
	at io.typefox.lsapi.services.transport.server.LanguageServerEndpoint.doAccept(LanguageServerEndpoint.xtend:194)
	at io.typefox.lsapi.services.transport.server.LanguageServerEndpoint.accept(LanguageServerEndpoint.xtend:114)
	at io.typefox.lsapi.services.transport.server.LanguageServerEndpoint.accept(LanguageServerEndpoint.xtend)
	at io.typefox.lsapi.services.transport.AbstractLanguageEndpoint.handleMessage(LanguageEndpoint.xtend:67)
	at io.typefox.lsapi.services.transport.AbstractLanguageEndpoint.lambda$connect$4(LanguageEndpoint.xtend:61)
	at io.typefox.lsapi.services.json.StreamMessageReader$1.apply(StreamMessageReader.java:46)
	at io.typefox.lsapi.services.json.StreamMessageReader$1.apply(StreamMessageReader.java:44)
	at io.typefox.lsapi.services.json.StreamMessageReader.handleMessage(StreamMessageReader.xtend:128)
	at io.typefox.lsapi.services.json.StreamMessageReader.listen(StreamMessageReader.xtend:61)
	at io.typefox.lsapi.services.transport.AbstractLanguageEndpoint.connect(LanguageEndpoint.xtend:60)
	at org.javacs.Main.run(Main.java:150)
	at org.javacs.Main.main(Main.java:69)

SEVERE	?	main	2016-10-09T18:30:53.407Z	org.javacs.Main$4#onError	Can't find configuration file for d:\jvmwork\Barchart.java
org.javacs.NoJavaConfigException: Can't find configuration file for d:\jvmwork\Barchart.java
	at org.javacs.JavaLanguageServer.lambda$findCompiler$22(JavaLanguageServer.java:453)
	at java.util.Optional.orElseThrow(Unknown Source)
	at org.javacs.JavaLanguageServer.findCompiler(JavaLanguageServer.java:453)
	at org.javacs.JavaLanguageServer$1.didClose(JavaLanguageServer.java:225)
	at io.typefox.lsapi.services.transport.server.LanguageServerEndpoint._doAccept(LanguageServerEndpoint.xtend:202)
	at io.typefox.lsapi.services.transport.server.LanguageServerEndpoint.doAccept(LanguageServerEndpoint.xtend:194)
	at io.typefox.lsapi.services.transport.server.LanguageServerEndpoint.accept(LanguageServerEndpoint.xtend:114)
	at io.typefox.lsapi.services.transport.server.LanguageServerEndpoint.accept(LanguageServerEndpoint.xtend)
	at io.typefox.lsapi.services.transport.AbstractLanguageEndpoint.handleMessage(LanguageEndpoint.xtend:67)
	at io.typefox.lsapi.services.transport.AbstractLanguageEndpoint.lambda$connect$4(LanguageEndpoint.xtend:61)
	at io.typefox.lsapi.services.json.StreamMessageReader$1.apply(StreamMessageReader.java:46)
	at io.typefox.lsapi.services.json.StreamMessageReader$1.apply(StreamMessageReader.java:44)
	at io.typefox.lsapi.services.json.StreamMessageReader.handleMessage(StreamMessageReader.xtend:128)
	at io.typefox.lsapi.services.json.StreamMessageReader.listen(StreamMessageReader.xtend:61)
	at io.typefox.lsapi.services.transport.AbstractLanguageEndpoint.connect(LanguageEndpoint.xtend:60)
	at org.javacs.Main.run(Main.java:150)
	at org.javacs.Main.main(Main.java:69)

SEVERE	?	main	2016-10-09T18:30:54.040Z	org.javacs.Main$4#onError	Can't find configuration file for d:\jvmwork\Card.java
org.javacs.NoJavaConfigException: Can't find configuration file for d:\jvmwork\Card.java
	at org.javacs.JavaLanguageServer.lambda$findCompiler$22(JavaLanguageServer.java:453)
	at java.util.Optional.orElseThrow(Unknown Source)
	at org.javacs.JavaLanguageServer.findCompiler(JavaLanguageServer.java:453)
	at org.javacs.JavaLanguageServer$1.didClose(JavaLanguageServer.java:225)
	at io.typefox.lsapi.services.transport.server.LanguageServerEndpoint._doAccept(LanguageServerEndpoint.xtend:202)
	at io.typefox.lsapi.services.transport.server.LanguageServerEndpoint.doAccept(LanguageServerEndpoint.xtend:194)
	at io.typefox.lsapi.services.transport.server.LanguageServerEndpoint.accept(LanguageServerEndpoint.xtend:114)
	at io.typefox.lsapi.services.transport.server.LanguageServerEndpoint.accept(LanguageServerEndpoint.xtend)
	at io.typefox.lsapi.services.transport.AbstractLanguageEndpoint.handleMessage(LanguageEndpoint.xtend:67)
	at io.typefox.lsapi.services.transport.AbstractLanguageEndpoint.lambda$connect$4(LanguageEndpoint.xtend:61)
	at io.typefox.lsapi.services.json.StreamMessageReader$1.apply(StreamMessageReader.java:46)
	at io.typefox.lsapi.services.json.StreamMessageReader$1.apply(StreamMessageReader.java:44)
	at io.typefox.lsapi.services.json.StreamMessageReader.handleMessage(StreamMessageReader.xtend:128)
	at io.typefox.lsapi.services.json.StreamMessageReader.listen(StreamMessageReader.xtend:61)
	at io.typefox.lsapi.services.transport.AbstractLanguageEndpoint.connect(LanguageEndpoint.xtend:60)
	at org.javacs.Main.run(Main.java:150)
	at org.javacs.Main.main(Main.java:69)

INFO	?	main	2016-10-09T18:30:55.952Z	org.javacs.JavaLanguageServer#doLint	Lint d:\jvmwork\ArrayCommandLine.java
SEVERE	?	main	2016-10-09T18:30:55.952Z	org.javacs.Main$4#onError	Can't find configuration file for d:\jvmwork\ArrayCommandLine.java
org.javacs.ShowMessageException: Can't find configuration file for d:\jvmwork\ArrayCommandLine.java
	at org.javacs.ShowMessageException.create(ShowMessageException.java:30)
	at org.javacs.ShowMessageException.warning(ShowMessageException.java:21)
	at org.javacs.JavaLanguageServer$1.didOpen(JavaLanguageServer.java:194)
	at io.typefox.lsapi.services.transport.server.LanguageServerEndpoint._doAccept(LanguageServerEndpoint.xtend:198)
	at io.typefox.lsapi.services.transport.server.LanguageServerEndpoint.doAccept(LanguageServerEndpoint.xtend:194)
	at io.typefox.lsapi.services.transport.server.LanguageServerEndpoint.accept(LanguageServerEndpoint.xtend:114)
	at io.typefox.lsapi.services.transport.server.LanguageServerEndpoint.accept(LanguageServerEndpoint.xtend)
	at io.typefox.lsapi.services.transport.AbstractLanguageEndpoint.handleMessage(LanguageEndpoint.xtend:67)
	at io.typefox.lsapi.services.transport.AbstractLanguageEndpoint.lambda$connect$4(LanguageEndpoint.xtend:61)
	at io.typefox.lsapi.services.json.StreamMessageReader$1.apply(StreamMessageReader.java:46)
	at io.typefox.lsapi.services.json.StreamMessageReader$1.apply(StreamMessageReader.java:44)
	at io.typefox.lsapi.services.json.StreamMessageReader.handleMessage(StreamMessageReader.xtend:128)
	at io.typefox.lsapi.services.json.StreamMessageReader.listen(StreamMessageReader.xtend:61)
	at io.typefox.lsapi.services.transport.AbstractLanguageEndpoint.connect(LanguageEndpoint.xtend:60)
	at org.javacs.Main.run(Main.java:150)
	at org.javacs.Main.main(Main.java:69)
Caused by: org.javacs.NoJavaConfigException: Can't find configuration file for d:\jvmwork\ArrayCommandLine.java
	at org.javacs.JavaLanguageServer.lambda$findCompiler$22(JavaLanguageServer.java:453)
	at java.util.Optional.orElseThrow(Unknown Source)
	at org.javacs.JavaLanguageServer.findCompiler(JavaLanguageServer.java:453)
	at org.javacs.JavaLanguageServer.doLint(JavaLanguageServer.java:301)
	at org.javacs.JavaLanguageServer.access$400(JavaLanguageServer.java:29)
	at org.javacs.JavaLanguageServer$1.didOpen(JavaLanguageServer.java:191)
	... 13 more

SEVERE	?	main	2016-10-09T18:33:03.255Z	org.javacs.Main$4#onError	Can't find configuration file for d:\jvmwork\ArrayCommandLine.java
org.javacs.NoJavaConfigException: Can't find configuration file for d:\jvmwork\ArrayCommandLine.java
	at org.javacs.JavaLanguageServer.lambda$findCompiler$22(JavaLanguageServer.java:453)
	at java.util.Optional.orElseThrow(Unknown Source)
	at org.javacs.JavaLanguageServer.findCompiler(JavaLanguageServer.java:453)
	at org.javacs.JavaLanguageServer.lambda$findSymbol$31(JavaLanguageServer.java:740)
	at java.util.Optional.flatMap(Unknown Source)
	at org.javacs.JavaLanguageServer.findSymbol(JavaLanguageServer.java:739)
	at org.javacs.JavaLanguageServer.doHover(JavaLanguageServer.java:888)
	at org.javacs.JavaLanguageServer$1.hover(JavaLanguageServer.java:116)
	at io.typefox.lsapi.services.transport.server.LanguageServerEndpoint._doAccept(LanguageServerEndpoint.xtend:130)
	at io.typefox.lsapi.services.transport.server.LanguageServerEndpoint.doAccept(LanguageServerEndpoint.xtend:117)
	at io.typefox.lsapi.services.transport.server.LanguageServerEndpoint.accept(LanguageServerEndpoint.xtend:114)
	at io.typefox.lsapi.services.transport.server.LanguageServerEndpoint.accept(LanguageServerEndpoint.xtend)
	at io.typefox.lsapi.services.transport.AbstractLanguageEndpoint.handleMessage(LanguageEndpoint.xtend:67)
	at io.typefox.lsapi.services.transport.AbstractLanguageEndpoint.lambda$connect$4(LanguageEndpoint.xtend:61)
	at io.typefox.lsapi.services.json.StreamMessageReader$1.apply(StreamMessageReader.java:46)
	at io.typefox.lsapi.services.json.StreamMessageReader$1.apply(StreamMessageReader.java:44)
	at io.typefox.lsapi.services.json.StreamMessageReader.handleMessage(StreamMessageReader.xtend:128)
	at io.typefox.lsapi.services.json.StreamMessageReader.listen(StreamMessageReader.xtend:61)
	at io.typefox.lsapi.services.transport.AbstractLanguageEndpoint.connect(LanguageEndpoint.xtend:60)
	at org.javacs.Main.run(Main.java:150)
	at org.javacs.Main.main(Main.java:69)

SEVERE	?	main	2016-10-09T18:35:03.268Z	org.javacs.Main$4#onError	Can't find configuration file for d:\jvmwork\ArrayCommandLine.java
org.javacs.NoJavaConfigException: Can't find configuration file for d:\jvmwork\ArrayCommandLine.java
	at org.javacs.JavaLanguageServer.lambda$findCompiler$22(JavaLanguageServer.java:453)
	at java.util.Optional.orElseThrow(Unknown Source)
	at org.javacs.JavaLanguageServer.findCompiler(JavaLanguageServer.java:453)
	at org.javacs.JavaLanguageServer.lambda$findSymbol$31(JavaLanguageServer.java:740)
	at java.util.Optional.flatMap(Unknown Source)
	at org.javacs.JavaLanguageServer.findSymbol(JavaLanguageServer.java:739)
	at org.javacs.JavaLanguageServer.doHover(JavaLanguageServer.java:888)
	at org.javacs.JavaLanguageServer$1.hover(JavaLanguageServer.java:116)
	at io.typefox.lsapi.services.transport.server.LanguageServerEndpoint._doAccept(LanguageServerEndpoint.xtend:130)
	at io.typefox.lsapi.services.transport.server.LanguageServerEndpoint.doAccept(LanguageServerEndpoint.xtend:117)
	at io.typefox.lsapi.services.transport.server.LanguageServerEndpoint.accept(LanguageServerEndpoint.xtend:114)
	at io.typefox.lsapi.services.transport.server.LanguageServerEndpoint.accept(LanguageServerEndpoint.xtend)
	at io.typefox.lsapi.services.transport.AbstractLanguageEndpoint.handleMessage(LanguageEndpoint.xtend:67)
	at io.typefox.lsapi.services.transport.AbstractLanguageEndpoint.lambda$connect$4(LanguageEndpoint.xtend:61)
	at io.typefox.lsapi.services.json.StreamMessageReader$1.apply(StreamMessageReader.java:46)
	at io.typefox.lsapi.services.json.StreamMessageReader$1.apply(StreamMessageReader.java:44)
	at io.typefox.lsapi.services.json.StreamMessageReader.handleMessage(StreamMessageReader.xtend:128)
	at io.typefox.lsapi.services.json.StreamMessageReader.listen(StreamMessageReader.xtend:61)
	at io.typefox.lsapi.services.transport.AbstractLanguageEndpoint.connect(LanguageEndpoint.xtend:60)
	at org.javacs.Main.run(Main.java:150)
	at org.javacs.Main.main(Main.java:69)

SEVERE	?	main	2016-10-09T18:35:09.670Z	org.javacs.Main$4#onError	Can't find configuration file for d:\jvmwork\ArrayCommandLine.java
org.javacs.NoJavaConfigException: Can't find configuration file for d:\jvmwork\ArrayCommandLine.java
	at org.javacs.JavaLanguageServer.lambda$findCompiler$22(JavaLanguageServer.java:453)
	at java.util.Optional.orElseThrow(Unknown Source)
	at org.javacs.JavaLanguageServer.findCompiler(JavaLanguageServer.java:453)
	at org.javacs.JavaLanguageServer.lambda$findSymbol$31(JavaLanguageServer.java:740)
	at java.util.Optional.flatMap(Unknown Source)
	at org.javacs.JavaLanguageServer.findSymbol(JavaLanguageServer.java:739)
	at org.javacs.JavaLanguageServer.doHover(JavaLanguageServer.java:888)
	at org.javacs.JavaLanguageServer$1.hover(JavaLanguageServer.java:116)
	at io.typefox.lsapi.services.transport.server.LanguageServerEndpoint._doAccept(LanguageServerEndpoint.xtend:130)
	at io.typefox.lsapi.services.transport.server.LanguageServerEndpoint.doAccept(LanguageServerEndpoint.xtend:117)
	at io.typefox.lsapi.services.transport.server.LanguageServerEndpoint.accept(LanguageServerEndpoint.xtend:114)
	at io.typefox.lsapi.services.transport.server.LanguageServerEndpoint.accept(LanguageServerEndpoint.xtend)
	at io.typefox.lsapi.services.transport.AbstractLanguageEndpoint.handleMessage(LanguageEndpoint.xtend:67)
	at io.typefox.lsapi.services.transport.AbstractLanguageEndpoint.lambda$connect$4(LanguageEndpoint.xtend:61)
	at io.typefox.lsapi.services.json.StreamMessageReader$1.apply(StreamMessageReader.java:46)
	at io.typefox.lsapi.services.json.StreamMessageReader$1.apply(StreamMessageReader.java:44)
	at io.typefox.lsapi.services.json.StreamMessageReader.handleMessage(StreamMessageReader.xtend:128)
	at io.typefox.lsapi.services.json.StreamMessageReader.listen(StreamMessageReader.xtend:61)
	at io.typefox.lsapi.services.transport.AbstractLanguageEndpoint.connect(LanguageEndpoint.xtend:60)
	at org.javacs.Main.run(Main.java:150)
	at org.javacs.Main.main(Main.java:69)

SEVERE	?	main	2016-10-09T18:35:20.415Z	org.javacs.Main$4#onError	Can't find configuration file for d:\jvmwork\ArrayCommandLine.java
org.javacs.NoJavaConfigException: Can't find configuration file for d:\jvmwork\ArrayCommandLine.java
	at org.javacs.JavaLanguageServer.lambda$findCompiler$22(JavaLanguageServer.java:453)
	at java.util.Optional.orElseThrow(Unknown Source)
	at org.javacs.JavaLanguageServer.findCompiler(JavaLanguageServer.java:453)
	at org.javacs.JavaLanguageServer$1.didClose(JavaLanguageServer.java:225)
	at io.typefox.lsapi.services.transport.server.LanguageServerEndpoint._doAccept(LanguageServerEndpoint.xtend:202)
	at io.typefox.lsapi.services.transport.server.LanguageServerEndpoint.doAccept(LanguageServerEndpoint.xtend:194)
	at io.typefox.lsapi.services.transport.server.LanguageServerEndpoint.accept(LanguageServerEndpoint.xtend:114)
	at io.typefox.lsapi.services.transport.server.LanguageServerEndpoint.accept(LanguageServerEndpoint.xtend)
	at io.typefox.lsapi.services.transport.AbstractLanguageEndpoint.handleMessage(LanguageEndpoint.xtend:67)
	at io.typefox.lsapi.services.transport.AbstractLanguageEndpoint.lambda$connect$4(LanguageEndpoint.xtend:61)
	at io.typefox.lsapi.services.json.StreamMessageReader$1.apply(StreamMessageReader.java:46)
	at io.typefox.lsapi.services.json.StreamMessageReader$1.apply(StreamMessageReader.java:44)
	at io.typefox.lsapi.services.json.StreamMessageReader.handleMessage(StreamMessageReader.xtend:128)
	at io.typefox.lsapi.services.json.StreamMessageReader.listen(StreamMessageReader.xtend:61)
	at io.typefox.lsapi.services.transport.AbstractLanguageEndpoint.connect(LanguageEndpoint.xtend:60)
	at org.javacs.Main.run(Main.java:150)
	at org.javacs.Main.main(Main.java:69)

